{"name": "test_file_upload", "status": "broken", "statusDetails": {"message": "selenium.common.exceptions.TimeoutException: Message: \nStacktrace:\n\tGetHandleVerifier [0x0x8fa8a3+63283]\n\tGetHandleVerifier [0x0x8fa8e4+63348]\n\t(No symbol) [0x0x733e43]\n\t(No symbol) [0x0x77c8de]\n\t(No symbol) [0x0x77cc7b]\n\t(No symbol) [0x0x7c4ef2]\n\t(No symbol) [0x0x7a1464]\n\t(No symbol) [0x0x7c271a]\n\t(No symbol) [0x0x7a1216]\n\t(No symbol) [0x0x770855]\n\t(No symbol) [0x0x7716f4]\n\tGetHandleVerifier [0x0xb6bb43+2623955]\n\tGetHandleVerifier [0x0xb66daa+2604090]\n\tGetHandleVerifier [0x0x92069a+218410]\n\tGetHandleVerifier [0x0x910ed8+154984]\n\tGetHandleVerifier [0x0x91742d+180925]\n\tGetHandleVerifier [0x0x9022b8+94536]\n\tGetHandleVerifier [0x0x902442+94930]\n\tGetHandleVerifier [0x0x8ed5ea+9338]\n\tBaseThreadInitThunk [0x0x777e5d49+25]\n\tRtlInitializeExceptionChain [0x0x77cbd2fb+107]\n\tRtlGetAppContainerNamedObjectPath [0x0x77cbd281+561]", "trace": "driver = <selenium.webdriver.chrome.webdriver.WebDriver (session=\"a573ce99b16dc105d160d3a8ff422c54\")>\n\n    def test_file_upload(driver):\n        driver.get(\"https://demo.automationtesting.in/FileUpload.html\")\n    \n        file_path = os.path.abspath(\"C:/Users/Leonardo/OneDrive/Documents/info.pdf\")\n        input_file = WebDriverWait(driver, 10).until(\n            EC.presence_of_element_located((By.CSS_SELECTOR, 'input[type=\"file\"]'))\n        )\n        input_file.send_keys(file_path)\n    \n>       uploaded_label = WebDriverWait(driver, 10).until(\n            EC.presence_of_element_located((By.XPATH, '//*[@id=\"uploadfile\"]/following-sibling::span'))\n        )\n\ntests\\test_More.py:32: \n_ _ _ _ _ _ _ _ _ _ _ _ _ _ _ _ _ _ _ _ _ _ _ _ _ _ _ _ _ _ _ _ _ _ _ _ _ _ _ _ _ _ _ _ _ _ _ _ _ _ _ _ _ _ _ _ _ _ _ _ _ _ _ _ _ _ _ _ _ _ _ _ _\n\nself = <selenium.webdriver.support.wait.WebDriverWait (session=\"a573ce99b16dc105d160d3a8ff422c54\")>\nmethod = <function presence_of_element_located.<locals>._predicate at 0x000001749CCEAFC0>, message = ''\n\n    def until(self, method: Callable[[D], Union[Literal[False], T]], message: str = \"\") -> T:\n        \"\"\"Wait until the method returns a value that is not False.\n    \n        Calls the method provided with the driver as an argument until the\n        return value does not evaluate to ``False``.\n    \n        Parameters:\n        -----------\n        method: callable(WebDriver)\n            - A callable object that takes a WebDriver instance as an argument.\n    \n        message: str\n            - Optional message for :exc:`TimeoutException`\n    \n        Return:\n        -------\n        object: T\n            - The result of the last call to `method`\n    \n        Raises:\n        -------\n        TimeoutException\n            - If 'method' does not return a truthy value within the WebDriverWait\n            object's timeout\n    \n        Example:\n        --------\n        >>> from selenium.webdriver.common.by import By\n        >>> from selenium.webdriver.support.ui import WebDriverWait\n        >>> from selenium.webdriver.support import expected_conditions as EC\n    \n        # Wait until an element is visible on the page\n        >>> wait = WebDriverWait(driver, 10)\n        >>> element = wait.until(EC.visibility_of_element_located((By.ID, \"exampleId\")))\n        >>> print(element.text)\n        \"\"\"\n        screen = None\n        stacktrace = None\n    \n        end_time = time.monotonic() + self._timeout\n        while True:\n            try:\n                value = method(self._driver)\n                if value:\n                    return value\n            except self._ignored_exceptions as exc:\n                screen = getattr(exc, \"screen\", None)\n                stacktrace = getattr(exc, \"stacktrace\", None)\n            if time.monotonic() > end_time:\n                break\n            time.sleep(self._poll)\n>       raise TimeoutException(message, screen, stacktrace)\nE       selenium.common.exceptions.TimeoutException: Message: \nE       Stacktrace:\nE       \tGetHandleVerifier [0x0x8fa8a3+63283]\nE       \tGetHandleVerifier [0x0x8fa8e4+63348]\nE       \t(No symbol) [0x0x733e43]\nE       \t(No symbol) [0x0x77c8de]\nE       \t(No symbol) [0x0x77cc7b]\nE       \t(No symbol) [0x0x7c4ef2]\nE       \t(No symbol) [0x0x7a1464]\nE       \t(No symbol) [0x0x7c271a]\nE       \t(No symbol) [0x0x7a1216]\nE       \t(No symbol) [0x0x770855]\nE       \t(No symbol) [0x0x7716f4]\nE       \tGetHandleVerifier [0x0xb6bb43+2623955]\nE       \tGetHandleVerifier [0x0xb66daa+2604090]\nE       \tGetHandleVerifier [0x0x92069a+218410]\nE       \tGetHandleVerifier [0x0x910ed8+154984]\nE       \tGetHandleVerifier [0x0x91742d+180925]\nE       \tGetHandleVerifier [0x0x9022b8+94536]\nE       \tGetHandleVerifier [0x0x902442+94930]\nE       \tGetHandleVerifier [0x0x8ed5ea+9338]\nE       \tBaseThreadInitThunk [0x0x777e5d49+25]\nE       \tRtlInitializeExceptionChain [0x0x77cbd2fb+107]\nE       \tRtlGetAppContainerNamedObjectPath [0x0x77cbd281+561]\n\nC:\\Users\\Leonardo\\AppData\\Local\\Programs\\Python\\Python311\\Lib\\site-packages\\selenium\\webdriver\\support\\wait.py:138: TimeoutException"}, "start": 1756496795334, "stop": 1756496813474, "uuid": "618af754-9d30-4dc3-8deb-f4686420fbef", "historyId": "ed08f0ccea75bfdac7fec451786a2cda", "testCaseId": "ed08f0ccea75bfdac7fec451786a2cda", "fullName": "tests.test_More#test_file_upload", "labels": [{"name": "parentSuite", "value": "tests"}, {"name": "suite", "value": "test_More"}, {"name": "host", "value": "DESKTOP-9U5D9IN"}, {"name": "thread", "value": "10772-MainThread"}, {"name": "framework", "value": "pytest"}, {"name": "language", "value": "cpython3"}, {"name": "package", "value": "tests.test_More"}], "titlePath": ["tests", "test_More.py"]}