{"name": "test_alert_with_textbox", "status": "broken", "statusDetails": {"message": "selenium.common.exceptions.NoSuchElementException: Message: no such element: Unable to locate element: {\"method\":\"link text\",\"selector\":\"Alert with Textbox \"}\n  (Session info: chrome=139.0.7258.155); For documentation on this error, please visit: https://www.selenium.dev/documentation/webdriver/troubleshooting/errors#nosuchelementexception\nStacktrace:\n\tGetHandleVerifier [0x0x8fa8a3+63283]\n\tGetHandleVerifier [0x0x8fa8e4+63348]\n\t(No symbol) [0x0x733e43]\n\t(No symbol) [0x0x77c8de]\n\t(No symbol) [0x0x77cc7b]\n\t(No symbol) [0x0x7c4ef2]\n\t(No symbol) [0x0x7a1464]\n\t(No symbol) [0x0x7c271a]\n\t(No symbol) [0x0x7a1216]\n\t(No symbol) [0x0x770855]\n\t(No symbol) [0x0x7716f4]\n\tGetHandleVerifier [0x0xb6bb43+2623955]\n\tGetHandleVerifier [0x0xb66daa+2604090]\n\tGetHandleVerifier [0x0x92069a+218410]\n\tGetHandleVerifier [0x0x910ed8+154984]\n\tGetHandleVerifier [0x0x91742d+180925]\n\tGetHandleVerifier [0x0x9022b8+94536]\n\tGetHandleVerifier [0x0x902442+94930]\n\tGetHandleVerifier [0x0x8ed5ea+9338]\n\tBaseThreadInitThunk [0x0x777e5d49+25]\n\tRtlInitializeExceptionChain [0x0x77cbd2fb+107]\n\tRtlGetAppContainerNamedObjectPath [0x0x77cbd281+561]", "trace": "driver = <selenium.webdriver.chrome.webdriver.WebDriver (session=\"3e46b7e8966a2f49f3f7c112e9516a9e\")>\n\n    def test_alert_with_textbox(driver):\n        driver.get('https://demo.automationtesting.in/Alerts.html')\n>       driver.find_element(By.LINK_TEXT, 'Alert with Textbox ').click()\n        ^^^^^^^^^^^^^^^^^^^^^^^^^^^^^^^^^^^^^^^^^^^^^^^^^^^^^^^^\n\ntests\\test_ShitichTo.py:59: \n_ _ _ _ _ _ _ _ _ _ _ _ _ _ _ _ _ _ _ _ _ _ _ _ _ _ _ _ _ _ _ _ _ _ _ _ _ _ _ _ _ _ _ _ _ _ _ _ _ _ _ _ _ _ _ _ _ _ _ _ _ _ _ _ _ _ _ _ _ _ _ _ _\nC:\\Users\\Leonardo\\AppData\\Local\\Programs\\Python\\Python311\\Lib\\site-packages\\selenium\\webdriver\\remote\\webdriver.py:926: in find_element\n    return self.execute(Command.FIND_ELEMENT, {\"using\": by, \"value\": value})[\"value\"]\n           ^^^^^^^^^^^^^^^^^^^^^^^^^^^^^^^^^^^^^^^^^^^^^^^^^^^^^^^^^^^^^^^^^\nC:\\Users\\Leonardo\\AppData\\Local\\Programs\\Python\\Python311\\Lib\\site-packages\\selenium\\webdriver\\remote\\webdriver.py:458: in execute\n    self.error_handler.check_response(response)\n_ _ _ _ _ _ _ _ _ _ _ _ _ _ _ _ _ _ _ _ _ _ _ _ _ _ _ _ _ _ _ _ _ _ _ _ _ _ _ _ _ _ _ _ _ _ _ _ _ _ _ _ _ _ _ _ _ _ _ _ _ _ _ _ _ _ _ _ _ _ _ _ _\n\nself = <selenium.webdriver.remote.errorhandler.ErrorHandler object at 0x000002A3B5130190>\nresponse = {'status': 404, 'value': '{\"value\":{\"error\":\"no such element\",\"message\":\"no such element: Unable to locate element: {\\...]\\\\n\\\\tRtlInitializeExceptionChain [0x0x77cbd2fb+107]\\\\n\\\\tRtlGetAppContainerNamedObjectPath [0x0x77cbd281+561]\\\\n\"}}'}\n\n    def check_response(self, response: dict[str, Any]) -> None:\n        \"\"\"Checks that a JSON response from the WebDriver does not have an\n        error.\n    \n        :Args:\n         - response - The JSON response from the WebDriver server as a dictionary\n           object.\n    \n        :Raises: If the response contains an error message.\n        \"\"\"\n        status = response.get(\"status\", None)\n        if not status or status == ErrorCode.SUCCESS:\n            return\n        value = None\n        message = response.get(\"message\", \"\")\n        screen: str = response.get(\"screen\", \"\")\n        stacktrace = None\n        if isinstance(status, int):\n            value_json = response.get(\"value\", None)\n            if value_json and isinstance(value_json, str):\n                try:\n                    value = json.loads(value_json)\n                    if isinstance(value, dict):\n                        if len(value) == 1:\n                            value = value[\"value\"]\n                        status = value.get(\"error\", None)\n                        if not status:\n                            status = value.get(\"status\", ErrorCode.UNKNOWN_ERROR)\n                            message = value.get(\"value\") or value.get(\"message\")\n                            if not isinstance(message, str):\n                                value = message\n                                message = message.get(\"message\")\n                        else:\n                            message = value.get(\"message\", None)\n                except ValueError:\n                    pass\n    \n        exception_class: type[WebDriverException]\n        e = ErrorCode()\n        error_codes = [item for item in dir(e) if not item.startswith(\"__\")]\n        for error_code in error_codes:\n            error_info = getattr(ErrorCode, error_code)\n            if isinstance(error_info, list) and status in error_info:\n                exception_class = getattr(ExceptionMapping, error_code, WebDriverException)\n                break\n        else:\n            exception_class = WebDriverException\n    \n        if not value:\n            value = response[\"value\"]\n        if isinstance(value, str):\n            raise exception_class(value)\n        if message == \"\" and \"message\" in value:\n            message = value[\"message\"]\n    \n        screen = None  # type: ignore[assignment]\n        if \"screen\" in value:\n            screen = value[\"screen\"]\n    \n        stacktrace = None\n        st_value = value.get(\"stackTrace\") or value.get(\"stacktrace\")\n        if st_value:\n            if isinstance(st_value, str):\n                stacktrace = st_value.split(\"\\n\")\n            else:\n                stacktrace = []\n                try:\n                    for frame in st_value:\n                        line = frame.get(\"lineNumber\", \"\")\n                        file = frame.get(\"fileName\", \"<anonymous>\")\n                        if line:\n                            file = f\"{file}:{line}\"\n                        meth = frame.get(\"methodName\", \"<anonymous>\")\n                        if \"className\" in frame:\n                            meth = f\"{frame['className']}.{meth}\"\n                        msg = \"    at %s (%s)\"\n                        msg = msg % (meth, file)\n                        stacktrace.append(msg)\n                except TypeError:\n                    pass\n        if exception_class == UnexpectedAlertPresentException:\n            alert_text = None\n            if \"data\" in value:\n                alert_text = value[\"data\"].get(\"text\")\n            elif \"alert\" in value:\n                alert_text = value[\"alert\"].get(\"text\")\n            raise exception_class(message, screen, stacktrace, alert_text)  # type: ignore[call-arg]  # mypy is not smart enough here\n>       raise exception_class(message, screen, stacktrace)\nE       selenium.common.exceptions.NoSuchElementException: Message: no such element: Unable to locate element: {\"method\":\"link text\",\"selector\":\"Alert with Textbox \"}\nE         (Session info: chrome=139.0.7258.155); For documentation on this error, please visit: https://www.selenium.dev/documentation/webdriver/troubleshooting/errors#nosuchelementexception\nE       Stacktrace:\nE       \tGetHandleVerifier [0x0x8fa8a3+63283]\nE       \tGetHandleVerifier [0x0x8fa8e4+63348]\nE       \t(No symbol) [0x0x733e43]\nE       \t(No symbol) [0x0x77c8de]\nE       \t(No symbol) [0x0x77cc7b]\nE       \t(No symbol) [0x0x7c4ef2]\nE       \t(No symbol) [0x0x7a1464]\nE       \t(No symbol) [0x0x7c271a]\nE       \t(No symbol) [0x0x7a1216]\nE       \t(No symbol) [0x0x770855]\nE       \t(No symbol) [0x0x7716f4]\nE       \tGetHandleVerifier [0x0xb6bb43+2623955]\nE       \tGetHandleVerifier [0x0xb66daa+2604090]\nE       \tGetHandleVerifier [0x0x92069a+218410]\nE       \tGetHandleVerifier [0x0x910ed8+154984]\nE       \tGetHandleVerifier [0x0x91742d+180925]\nE       \tGetHandleVerifier [0x0x9022b8+94536]\nE       \tGetHandleVerifier [0x0x902442+94930]\nE       \tGetHandleVerifier [0x0x8ed5ea+9338]\nE       \tBaseThreadInitThunk [0x0x777e5d49+25]\nE       \tRtlInitializeExceptionChain [0x0x77cbd2fb+107]\nE       \tRtlGetAppContainerNamedObjectPath [0x0x77cbd281+561]\n\nC:\\Users\\Leonardo\\AppData\\Local\\Programs\\Python\\Python311\\Lib\\site-packages\\selenium\\webdriver\\remote\\errorhandler.py:232: NoSuchElementException"}, "start": 1756494625240, "stop": 1756494633812, "uuid": "e72b102f-fdb6-49d7-ae8d-7acc328fdba8", "historyId": "47168d22092dff1f743d3d1f845159c8", "testCaseId": "47168d22092dff1f743d3d1f845159c8", "fullName": "tests.test_ShitichTo#test_alert_with_textbox", "labels": [{"name": "parentSuite", "value": "tests"}, {"name": "suite", "value": "test_ShitichTo"}, {"name": "host", "value": "DESKTOP-9U5D9IN"}, {"name": "thread", "value": "17572-MainThread"}, {"name": "framework", "value": "pytest"}, {"name": "language", "value": "cpython3"}, {"name": "package", "value": "tests.test_ShitichTo"}], "titlePath": ["tests", "test_ShitichTo.py"]}